<?xml version="1.0" encoding="UTF-8"?>
<testsuite name="test.pivotal.pal.trackerapi.TimeEntryApiTest" tests="5" skipped="0" failures="0" errors="0" timestamp="2018-10-03T14:51:32" hostname="gwar" time="0.53">
  <properties/>
  <testcase name="testList" classname="test.pivotal.pal.trackerapi.TimeEntryApiTest" time="0.378"/>
  <testcase name="testRead" classname="test.pivotal.pal.trackerapi.TimeEntryApiTest" time="0.044"/>
  <testcase name="testCreate" classname="test.pivotal.pal.trackerapi.TimeEntryApiTest" time="0.028"/>
  <testcase name="testDelete" classname="test.pivotal.pal.trackerapi.TimeEntryApiTest" time="0.044"/>
  <testcase name="testUpdate" classname="test.pivotal.pal.trackerapi.TimeEntryApiTest" time="0.032"/>
  <system-out><![CDATA[2018-10-03 08:51:32.764  INFO 4680 --- [    Test worker] .b.t.c.SpringBootTestContextBootstrapper : Neither @ContextConfiguration nor @ContextHierarchy found for test class [test.pivotal.pal.trackerapi.TimeEntryApiTest], using SpringBootContextLoader
2018-10-03 08:51:32.765  INFO 4680 --- [    Test worker] o.s.t.c.support.AbstractContextLoader    : Could not detect default resource locations for test class [test.pivotal.pal.trackerapi.TimeEntryApiTest]: no resource found for suffixes {-context.xml, Context.groovy}.
2018-10-03 08:51:32.770  INFO 4680 --- [    Test worker] .b.t.c.SpringBootTestContextBootstrapper : Loaded default TestExecutionListener class names from location [META-INF/spring.factories]: [org.springframework.boot.test.autoconfigure.restdocs.RestDocsTestExecutionListener, org.springframework.boot.test.autoconfigure.web.client.MockRestServiceServerResetTestExecutionListener, org.springframework.boot.test.autoconfigure.web.servlet.MockMvcPrintOnlyOnFailureTestExecutionListener, org.springframework.boot.test.autoconfigure.web.servlet.WebDriverTestExecutionListener, org.springframework.boot.test.mock.mockito.MockitoTestExecutionListener, org.springframework.boot.test.mock.mockito.ResetMocksTestExecutionListener, org.springframework.test.context.web.ServletTestExecutionListener, org.springframework.test.context.support.DirtiesContextBeforeModesTestExecutionListener, org.springframework.test.context.support.DependencyInjectionTestExecutionListener, org.springframework.test.context.support.DirtiesContextTestExecutionListener, org.springframework.test.context.transaction.TransactionalTestExecutionListener, org.springframework.test.context.jdbc.SqlScriptsTestExecutionListener]
2018-10-03 08:51:32.773  INFO 4680 --- [    Test worker] .b.t.c.SpringBootTestContextBootstrapper : Using TestExecutionListeners: [org.springframework.test.context.web.ServletTestExecutionListener@6386941c, org.springframework.test.context.support.DirtiesContextBeforeModesTestExecutionListener@617c8819, org.springframework.boot.test.autoconfigure.SpringBootDependencyInjectionTestExecutionListener@5f436099, org.springframework.test.context.support.DirtiesContextTestExecutionListener@348ee8f9, org.springframework.test.context.transaction.TransactionalTestExecutionListener@637fac00, org.springframework.test.context.jdbc.SqlScriptsTestExecutionListener@66c6dc36, org.springframework.boot.test.autoconfigure.web.servlet.WebDriverTestExecutionListener@22452fdf, org.springframework.boot.test.mock.mockito.ResetMocksTestExecutionListener@614fc24e, org.springframework.boot.test.mock.mockito.MockitoTestExecutionListener@7fce6dcb, org.springframework.boot.test.autoconfigure.restdocs.RestDocsTestExecutionListener@2f392968, org.springframework.boot.test.autoconfigure.web.servlet.MockMvcPrintOnlyOnFailureTestExecutionListener@2409d087, org.springframework.boot.test.autoconfigure.web.client.MockRestServiceServerResetTestExecutionListener@3bcb2bfa]
]]></system-out>
  <system-err><![CDATA[Loading class `com.mysql.jdbc.Driver'. This is deprecated. The new driver class is `com.mysql.cj.jdbc.Driver'. The driver is automatically registered via the SPI and manual loading of the driver class is generally unnecessary.
]]></system-err>
</testsuite>
