<?xml version="1.0" encoding="UTF-8"?>
<testsuite name="test.pivotal.pal.trackerapi.HealthApiTest" tests="1" skipped="0" failures="0" errors="0" timestamp="2018-10-03T14:51:33" hostname="gwar" time="0.028">
  <properties/>
  <testcase name="healthTest" classname="test.pivotal.pal.trackerapi.HealthApiTest" time="0.028"/>
  <system-out><![CDATA[2018-10-03 08:51:33.310  INFO 4680 --- [    Test worker] .b.t.c.SpringBootTestContextBootstrapper : Neither @ContextConfiguration nor @ContextHierarchy found for test class [test.pivotal.pal.trackerapi.HealthApiTest], using SpringBootContextLoader
2018-10-03 08:51:33.310  INFO 4680 --- [    Test worker] o.s.t.c.support.AbstractContextLoader    : Could not detect default resource locations for test class [test.pivotal.pal.trackerapi.HealthApiTest]: no resource found for suffixes {-context.xml, Context.groovy}.
2018-10-03 08:51:33.314  INFO 4680 --- [    Test worker] .b.t.c.SpringBootTestContextBootstrapper : Loaded default TestExecutionListener class names from location [META-INF/spring.factories]: [org.springframework.boot.test.autoconfigure.restdocs.RestDocsTestExecutionListener, org.springframework.boot.test.autoconfigure.web.client.MockRestServiceServerResetTestExecutionListener, org.springframework.boot.test.autoconfigure.web.servlet.MockMvcPrintOnlyOnFailureTestExecutionListener, org.springframework.boot.test.autoconfigure.web.servlet.WebDriverTestExecutionListener, org.springframework.boot.test.mock.mockito.MockitoTestExecutionListener, org.springframework.boot.test.mock.mockito.ResetMocksTestExecutionListener, org.springframework.test.context.web.ServletTestExecutionListener, org.springframework.test.context.support.DirtiesContextBeforeModesTestExecutionListener, org.springframework.test.context.support.DependencyInjectionTestExecutionListener, org.springframework.test.context.support.DirtiesContextTestExecutionListener, org.springframework.test.context.transaction.TransactionalTestExecutionListener, org.springframework.test.context.jdbc.SqlScriptsTestExecutionListener]
2018-10-03 08:51:33.320  INFO 4680 --- [    Test worker] .b.t.c.SpringBootTestContextBootstrapper : Using TestExecutionListeners: [org.springframework.test.context.web.ServletTestExecutionListener@6fa9546f, org.springframework.test.context.support.DirtiesContextBeforeModesTestExecutionListener@7607acc9, org.springframework.boot.test.autoconfigure.SpringBootDependencyInjectionTestExecutionListener@184f87d6, org.springframework.test.context.support.DirtiesContextTestExecutionListener@5396db90, org.springframework.test.context.transaction.TransactionalTestExecutionListener@7639e7a1, org.springframework.test.context.jdbc.SqlScriptsTestExecutionListener@3d936c4b, org.springframework.boot.test.autoconfigure.web.servlet.WebDriverTestExecutionListener@59063d18, org.springframework.boot.test.mock.mockito.ResetMocksTestExecutionListener@3c2927f3, org.springframework.boot.test.mock.mockito.MockitoTestExecutionListener@594cb38, org.springframework.boot.test.autoconfigure.restdocs.RestDocsTestExecutionListener@23431ef5, org.springframework.boot.test.autoconfigure.web.servlet.MockMvcPrintOnlyOnFailureTestExecutionListener@4bc51978, org.springframework.boot.test.autoconfigure.web.client.MockRestServiceServerResetTestExecutionListener@3ea6a94c]
]]></system-out>
  <system-err><![CDATA[]]></system-err>
</testsuite>
